15/11/2018 06:11:40:734  INFO - 8A906DCE80C6C8F8D83EEA2852711BCC:/VoiceItDemo : SCESession bound to HttpSession 8A906DCE80C6C8F8D83EEA2852711BCC
15/11/2018 06:11:40:743  INFO - 8A906DCE80C6C8F8D83EEA2852711BCC:/VoiceItDemo : Browser Version 2.1.4, terminationURL enabled : true
15/11/2018 06:11:40:755  INFO - 8A906DCE80C6C8F8D83EEA2852711BCC:/VoiceItDemo : Using SCESession 8A906DCE80C6C8F8D83EEA2852711BCC:/VoiceItDemo servlet : Start
15/11/2018 06:11:40:915  INFO - 8A906DCE80C6C8F8D83EEA2852711BCC:/VoiceItDemo : ** Pushed Stack Frame [/VoiceItDemo]
15/11/2018 06:11:40:942 DEBUG - 8A906DCE80C6C8F8D83EEA2852711BCC:/VoiceItDemo : Not able to save posted variable information [call_classification]
15/11/2018 06:11:40:943  INFO - 8A906DCE80C6C8F8D83EEA2852711BCC:/VoiceItDemo : Storing :session___sessionid to complex: session:sessionid  as [sess1759257]
15/11/2018 06:11:40:945  INFO - 8A906DCE80C6C8F8D83EEA2852711BCC:/VoiceItDemo : Storing :session___vpconverseondata to complex: session:vpconverseondata  as []
15/11/2018 06:11:41:618  INFO - 8A906DCE80C6C8F8D83EEA2852711BCC:/VoiceItDemo : runtime_platform : Desktop
15/11/2018 06:11:41:623  INFO - 8A906DCE80C6C8F8D83EEA2852711BCC:/VoiceItDemo : runtime_asr : Desktop Microsoft Speech SAPI
15/11/2018 06:11:41:633 DEBUG - 8A906DCE80C6C8F8D83EEA2852711BCC:/VoiceItDemo : Acquiring initial License
15/11/2018 06:11:41:635  INFO - 8A906DCE80C6C8F8D83EEA2852711BCC:/VoiceItDemo : Acquiring Desktop runtime license
15/11/2018 06:11:41:635  INFO - 8A906DCE80C6C8F8D83EEA2852711BCC:/VoiceItDemo : Runtime :true
15/11/2018 06:11:41:635  INFO - 8A906DCE80C6C8F8D83EEA2852711BCC:/VoiceItDemo : IC :true
15/11/2018 06:11:41:636  INFO - 8A906DCE80C6C8F8D83EEA2852711BCC:/VoiceItDemo : CTI :true
15/11/2018 06:11:41:794 DEBUG - 8A906DCE80C6C8F8D83EEA2852711BCC:/VoiceItDemo : Grace Period timer cleared
15/11/2018 06:11:41:797 DEBUG - 8A906DCE80C6C8F8D83EEA2852711BCC:/VoiceItDemo : License refresh timer started
15/11/2018 06:11:41:798  INFO - 8A906DCE80C6C8F8D83EEA2852711BCC:/VoiceItDemo : MessageType is speech
15/11/2018 06:11:41:800 DEBUG - 8A906DCE80C6C8F8D83EEA2852711BCC:/VoiceItDemo : *** Reply for [/VoiceItDemo/Start] ***
15/11/2018 06:11:41:801 DEBUG - 8A906DCE80C6C8F8D83EEA2852711BCC:/VoiceItDemo : 0:<?xml version="1.0" encoding="UTF-8"?> 
1:<vxml version="2.1" xmlns="http://www.w3.org/2001/vxml" xml:lang="en-us"> 
2:<meta name="author" content="Avaya Aura Orchestration Designer"/> 
3:<meta name="runtime-version" content="07.00.18.01"/> 
4:<meta name="runtimecommon-version" content="07.00.18.01"/> 
5:<meta name="copyright" content="Copyright (c) 2002-2011, Avaya"/> 
6:<script> 
7:function getnbest(  item, nbest ) { 
8:    var len = application.lastresult$.length; 
9:    var result = ""; 
10:     
11:    if ( len &gt; nbest) { 
12:        len = nbest; 
13:    } 
14:    for (var i = 0; i &lt; len; i++) { 
15:        if (i &gt; 0) { 
16:            result += " |"; 
17:        } 
18:        var temp  =  "application.lastresult$[" + i + "]." + item; 
19:        result += extractprops( "", eval(temp)); 
20:    } 
21:    return result; 
22:} 
23: 
24:function getnbestnmni(  item, nbest ) { 
25:    var len = application.lastresult$.length; 
26:    var result = ""; 
27:     
28:    if ( len &gt; nbest) { 
29:        len = nbest; 
30:    } 
31:    for (var i = 0; i &lt; len; i++) { 
32:        if (i &gt; 0) { 
33:            result += " |"; 
34:        } 
35:        result += item; 
36:    } 
37:    return result; 
38:} 
39: 
40:function extractprops ( parent, obj ) { 
41:    var prop, name, result = ""; 
42:    var count = 1; 
43:    if ( typeof ( obj ) == "object" ) { 
44:        for ( prop in obj ) { 
45:            name = parent + prop; 
46:            if ( typeof ( obj [ prop ] ) == "object" ) { 
47:                result += extractprops( name+".", obj [ prop ] ); 
48:            } else { 
49:                if (count == 1) { 
50:                    result = obj [ prop ]; 
51:                } else { 
52:                    result += " " + obj [ prop ]; 
53:                } 
54:            } 
55:            count = count + 1; 
56:        } 
57:    } else { 
58:        if (obj == undefined ) { 
59:            result +=  "undefined"; 
60:        } else { 
61:            result +=  obj; 
62:        } 
63:    } 
64:    return result; 
65:} 
66: 
67:function startswith ( value, startwith ) { 
68:    var index; 
69:    index = value.indexOf(startwith, 0); 
70:    if ( index == 0 ) { 
71:       return true; 
72:    } else { 
73:       return false; 
74:    } 
75:} 
76: 
77:function containsUndefined ( value ) { 
78:    var index; 
79:    index = value.indexOf('undefined', 0); 
80:    if ( index == -1 ) { 
81:       return false; 
82:    } else { 
83:       return true; 
84:    } 
85:} 
86: 
87:</script> 
88:<script> 
89:function objectToString(  obj ) { 
90:    try { 
91:    var result = ""; 
92:    result += getobjectprops( "", obj); 
93:    if (result.charAt(0) == '|' ) { 
94:        result = result.substring(1); 
95:    }  
96:    } catch (errMsg) { 
97:        return("undefined"); 
98:    } 
99:    return result; 
100:} 
101: 
102:function getobjectprops ( parent, obj ) { 
103:    var prop, name, result = ""; 
104:    if ( typeof ( obj ) == "object" ) {  
105:        for ( prop in obj ) {  
106:            name = parent + prop; 
107:            if ( typeof ( obj [ prop ] ) == "object" ) { 
108:                result += extractprops( name+".", obj [ prop ] ); 
109:            } else {  
110:                result +=   "|"  + obj [ prop ];  
111:            }  
112:        }  
113:    } else {  
114:        if (obj == undefined ) {  
115:           result +=  "undefined";  
116:        } else {  
117:           result +=  obj;  
118:        }  
119:    }  
120:    return result; 
121:} 
122:</script> 
123:<var name="_avayaExitReason" expr="''"/> 
124:<var name="_avayaExitInfo1" expr="''"/> 
125:<var name="_avayaExitInfo2" expr="''"/> 
126:<var name="_avayaExitCustomerId" expr="''"/> 
127:<var name="_avayaExitPreferredPath" expr="'1'"/> 
128:<var name="_avayaExitTopic" expr="''"/> 
129:<var name="_avayaNoinputCounter" expr="0"/> 
130:<var name="_avayaNomatchCounter" expr="0"/> 
131:<catch event="connection.disconnect"> 
132:<var name="avayadonotsave___noinputcount" expr="try {_avayaNoinputCounter} catch (errMsg) {'0'}"/> 
133:<var name="avayadonotsave___nomatchcount" expr="try {_avayaNomatchCounter} catch (errMsg) {'0'}"/> 
134:<submit next="EndOfApplication?___DDSESSIONID=8A906DCE80C6C8F8D83EEA2852711BCC%3A%2FVoiceItDemo" namelist="avayadonotsave___noinputcount avayadonotsave___nomatchcount" method="get"/> 
135:</catch> 
136:<meta name="marker" content="Avaya Aura Orchestration Designer Root End"/> 
137:<form id="Start"> 
138:<script> 
139:function getArray( arrayName, item ) { 
140:    try { 
141:        var len = eval( arrayName +'.length;'); 
142:        var result = ""; 
143:     
144:        for (var i = 0; i &lt; len; i++) { 
145:            if (i &gt; 0) { 
146:                result += " |"; 
147:            } 
148:            var temp  =  arrayName + "[" + i + "]." + item; 
149:            result += eval(temp); 
150:        } 
151:        return result; 
152:    } catch (errMsg) { 
153:            return('unknown'); 
154:    } 
155:} 
156:function getRedirect( item ) { 
157:    return(getArray('session.connection.redirect', item)); 
158:} 
159:function getShareduui( item ) { 
160:    return(getArray('session.avaya.uui.shared', item)); 
161:} 
162:function getScriptItem( item ) { 
163:    try { 
164:        var result = ""; 
165:        result += eval(item); 
166:        return result; 
167:    } catch (errMsg) { 
168:        return('unknown'); 
169:    } 
170:} 
171:function getSIPCallID() { 
172:    try { 
173:        var protocol = getScriptItem( 'session.connection.protocol.name' ); 
174:        if ( protocol == 'sip'  || protocol == 'SIP' ) { 
175:            var temp = getScriptItem( 'session.connection.protocol.sip.callid' ); 
176:            return(temp); 
177:        } else { 
178:            return('unknown'); 
179:        } 
180:    } catch (errMsg) { 
181:            return('unknown'); 
182:    } 
183:} 
184:</script> 
185:<var name="session___aai" expr="getScriptItem( 'session.connection.aai' )"/> 
186:<var name="session___ani" expr="getScriptItem( 'session.connection.remote.uri' )"/> 
187:<var name="session___dnis" expr="getScriptItem( 'session.connection.local.uri' )"/> 
188:<var name="session___protocolname" expr="getScriptItem( 'session.connection.protocol.name' )"/> 
189:<var name="session___protocolversion" expr="getScriptItem( 'session.connection.protocol.version' )"/> 
190:<var name="session___uui" expr="'unknown'"/> 
191:<var name="session___calltag" expr="'unknown'"/> 
192:<var name="session___channel" expr="getScriptItem( 'session.avaya.telephone.channel' )"/> 
193:<var name="session___vpcalledextension" expr="'unknown'"/> 
194:<var name="session___vpcoveragereason" expr="'unknown'"/> 
195:<var name="session___vpcoveragetype" expr="'unknown'"/> 
196:<var name="session___vprdnis" expr="'unknown'"/> 
197:<var name="redirectinfo___uri" expr="getRedirect('uri')"/> 
198:<var name="redirectinfo___presentationinfo" expr="getRedirect('pi')"/> 
199:<var name="redirectinfo___screeninginfo" expr="getRedirect('si')"/> 
200:<var name="redirectinfo___reason" expr="getRedirect('reason')"/> 
201:<var name="session___sharedmode" expr="getScriptItem( 'session.avaya.uui.mode' )"/> 
202:<var name="shareduui___id" expr="getShareduui('id')"/> 
203:<var name="shareduui___value" expr="getShareduui('value')"/> 
204:<var name="session___sessionlabel" expr="getScriptItem( 'session.avaya.ucid' )"/> 
205:<var name="_sipcallid" expr="getSIPCallID()"/> 
206:<var name="session___mediatype" expr="getScriptItem( 'session.connection.protocol.sip.media[1].type' )"/> 
207:<var name="session___videoenabled" expr="getScriptItem( 'session.connection.video.enabled' )"/> 
208:<var name="session___videocodec" expr="getScriptItem( 'session.connection.video.codec' )"/> 
209:<var name="session___videoformat" expr="getScriptItem( 'session.connection.video.format' )"/> 
210:<var name="session___videowidth" expr="getScriptItem( 'session.connection.video.width' )"/> 
211:<var name="session___videoheight" expr="getScriptItem( 'session.connection.video.height' )"/> 
212:<var name="session___videofps" expr="getScriptItem( 'session.connection.video.fps' )"/> 
213:<var name="session___videobitrate" expr="getScriptItem( 'session.connection.video.bitrate' )"/> 
214:<var name="session___videonearfmtp" expr="getScriptItem( 'session.connection.video.nearfmtp' )"/> 
215:<var name="session___videofarfmtp" expr="getScriptItem( 'session.connection.video.farfmtp' )"/> 
216:<var name="session___ucid" expr="getScriptItem( 'session.avaya.ucid' )"/> 
217:<var name="session___conversefirst" expr="'unknown'"/> 
218:<var name="session___conversesecond" expr="'unknown'"/> 
219:<block> 
220:<submit next="UseridLookup?___DDSESSIONID=8A906DCE80C6C8F8D83EEA2852711BCC%3A%2FVoiceItDemo" namelist="session___aai session___ani session___dnis session___protocolname session___protocolversion session___uui session___calltag session___channel session___vpcalledextension session___vpcoveragereason session___vpcoveragetype session___vprdnis redirectinfo___uri redirectinfo___presentationinfo redirectinfo___screeninginfo redirectinfo___reason session___sharedmode shareduui___id shareduui___value session___sessionlabel _sipcallid session___mediatype session___videoenabled session___videocodec session___videoformat session___videowidth session___videoheight session___videofps session___videobitrate session___videonearfmtp session___videofarfmtp session___ucid session___conversefirst session___conversesecond" method="post"/> 
221:</block> 
222:</form> 
223:</vxml> 
224:

15/11/2018 06:11:41:810  INFO - 8A906DCE80C6C8F8D83EEA2852711BCC:/VoiceItDemo : Using SCESession 8A906DCE80C6C8F8D83EEA2852711BCC:/VoiceItDemo servlet : UseridLookup
15/11/2018 06:11:41:812  INFO - 8A906DCE80C6C8F8D83EEA2852711BCC:/VoiceItDemo : Storing :_sipcallid to simple: _sipcallid  as [unknown]
15/11/2018 06:11:41:812  INFO - 8A906DCE80C6C8F8D83EEA2852711BCC:/VoiceItDemo : Storing :redirectinfo___presentationinfo to complex: redirectinfo:presentationinfo  as [undefined]
15/11/2018 06:11:41:812  INFO - 8A906DCE80C6C8F8D83EEA2852711BCC:/VoiceItDemo : Storing :redirectinfo___reason to complex: redirectinfo:reason  as [unknown]
15/11/2018 06:11:41:812  INFO - 8A906DCE80C6C8F8D83EEA2852711BCC:/VoiceItDemo : Storing :redirectinfo___screeninginfo to complex: redirectinfo:screeninginfo  as [undefined]
15/11/2018 06:11:41:812  INFO - 8A906DCE80C6C8F8D83EEA2852711BCC:/VoiceItDemo : Storing :redirectinfo___uri to complex: redirectinfo:uri  as []
15/11/2018 06:11:41:812  INFO - 8A906DCE80C6C8F8D83EEA2852711BCC:/VoiceItDemo : Storing :session___aai to complex: session:aai  as []
15/11/2018 06:11:41:812  INFO - 8A906DCE80C6C8F8D83EEA2852711BCC:/VoiceItDemo : Storing :session___ani to complex: session:ani  as [undefined]
15/11/2018 06:11:41:812  INFO - 8A906DCE80C6C8F8D83EEA2852711BCC:/VoiceItDemo : Storing :session___calltag to complex: session:calltag  as [unknown]
15/11/2018 06:11:41:812  INFO - 8A906DCE80C6C8F8D83EEA2852711BCC:/VoiceItDemo : Storing :session___channel to complex: session:channel  as [0]
15/11/2018 06:11:41:812  INFO - 8A906DCE80C6C8F8D83EEA2852711BCC:/VoiceItDemo : Storing :session___conversefirst to complex: session:conversefirst  as [unknown]
15/11/2018 06:11:41:812  INFO - 8A906DCE80C6C8F8D83EEA2852711BCC:/VoiceItDemo : Storing :session___conversesecond to complex: session:conversesecond  as [unknown]
15/11/2018 06:11:41:812  INFO - 8A906DCE80C6C8F8D83EEA2852711BCC:/VoiceItDemo : Storing :session___dnis to complex: session:dnis  as [undefined]
15/11/2018 06:11:41:813  INFO - 8A906DCE80C6C8F8D83EEA2852711BCC:/VoiceItDemo : Storing :session___mediatype to complex: session:mediatype  as [unknown]
15/11/2018 06:11:41:813  INFO - 8A906DCE80C6C8F8D83EEA2852711BCC:/VoiceItDemo : Storing :session___protocolname to complex: session:protocolname  as [pots]
15/11/2018 06:11:41:813  INFO - 8A906DCE80C6C8F8D83EEA2852711BCC:/VoiceItDemo : Storing :session___protocolversion to complex: session:protocolversion  as [1]
15/11/2018 06:11:41:813  INFO - 8A906DCE80C6C8F8D83EEA2852711BCC:/VoiceItDemo : Storing :session___sessionlabel to complex: session:sessionlabel  as [undefined]
15/11/2018 06:11:41:813  INFO - 8A906DCE80C6C8F8D83EEA2852711BCC:/VoiceItDemo : Storing :session___sharedmode to complex: session:sharedmode  as [shared]
15/11/2018 06:11:41:813  INFO - 8A906DCE80C6C8F8D83EEA2852711BCC:/VoiceItDemo : Storing :session___ucid to complex: session:ucid  as [undefined]
15/11/2018 06:11:41:813  INFO - 8A906DCE80C6C8F8D83EEA2852711BCC:/VoiceItDemo : Storing :session___uui to complex: session:uui  as [unknown]
15/11/2018 06:11:41:813  INFO - 8A906DCE80C6C8F8D83EEA2852711BCC:/VoiceItDemo : Storing :session___videobitrate to complex: session:videobitrate  as [unknown]
15/11/2018 06:11:41:813  INFO - 8A906DCE80C6C8F8D83EEA2852711BCC:/VoiceItDemo : Storing :session___videocodec to complex: session:videocodec  as [unknown]
15/11/2018 06:11:41:813  INFO - 8A906DCE80C6C8F8D83EEA2852711BCC:/VoiceItDemo : Storing :session___videoenabled to complex: session:videoenabled  as [unknown]
15/11/2018 06:11:41:813  INFO - 8A906DCE80C6C8F8D83EEA2852711BCC:/VoiceItDemo : Storing :session___videofarfmtp to complex: session:videofarfmtp  as [unknown]
15/11/2018 06:11:41:814  INFO - 8A906DCE80C6C8F8D83EEA2852711BCC:/VoiceItDemo : Storing :session___videoformat to complex: session:videoformat  as [unknown]
15/11/2018 06:11:41:814  INFO - 8A906DCE80C6C8F8D83EEA2852711BCC:/VoiceItDemo : Storing :session___videofps to complex: session:videofps  as [unknown]
15/11/2018 06:11:41:814  INFO - 8A906DCE80C6C8F8D83EEA2852711BCC:/VoiceItDemo : Storing :session___videoheight to complex: session:videoheight  as [unknown]
15/11/2018 06:11:41:814  INFO - 8A906DCE80C6C8F8D83EEA2852711BCC:/VoiceItDemo : Storing :session___videonearfmtp to complex: session:videonearfmtp  as [unknown]
15/11/2018 06:11:41:814  INFO - 8A906DCE80C6C8F8D83EEA2852711BCC:/VoiceItDemo : Storing :session___videowidth to complex: session:videowidth  as [unknown]
15/11/2018 06:11:41:814  INFO - 8A906DCE80C6C8F8D83EEA2852711BCC:/VoiceItDemo : Storing :session___vpcalledextension to complex: session:vpcalledextension  as [unknown]
15/11/2018 06:11:41:814  INFO - 8A906DCE80C6C8F8D83EEA2852711BCC:/VoiceItDemo : Storing :session___vpcoveragereason to complex: session:vpcoveragereason  as [unknown]
15/11/2018 06:11:41:814  INFO - 8A906DCE80C6C8F8D83EEA2852711BCC:/VoiceItDemo : Storing :session___vpcoveragetype to complex: session:vpcoveragetype  as [unknown]
15/11/2018 06:11:41:814  INFO - 8A906DCE80C6C8F8D83EEA2852711BCC:/VoiceItDemo : Storing :session___vprdnis to complex: session:vprdnis  as [unknown]
15/11/2018 06:11:41:814  INFO - 8A906DCE80C6C8F8D83EEA2852711BCC:/VoiceItDemo : Storing :shareduui___id to complex: shareduui:id  as [unknown]
15/11/2018 06:11:41:814  INFO - 8A906DCE80C6C8F8D83EEA2852711BCC:/VoiceItDemo : Storing :shareduui___value to complex: shareduui:value  as [unknown]
15/11/2018 06:11:41:876 DEBUG - 8A906DCE80C6C8F8D83EEA2852711BCC:/VoiceItDemo : Collected [profilemap.properties] from parameter [tech.topcat.voiceit_tech.demo.PROPERTY_FILE]
15/11/2018 06:11:41:882 DEBUG - 8A906DCE80C6C8F8D83EEA2852711BCC:/VoiceItDemo : Collected [undefined] from [session:ani]
15/11/2018 06:11:41:882 DEBUG - 8A906DCE80C6C8F8D83EEA2852711BCC:/VoiceItDemo : Storing [] to [userId]
15/11/2018 06:11:41:888  INFO - 8A906DCE80C6C8F8D83EEA2852711BCC:/VoiceItDemo : Using SCESession 8A906DCE80C6C8F8D83EEA2852711BCC:/VoiceItDemo servlet : Greeting
15/11/2018 06:11:41:999 DEBUG - 8A906DCE80C6C8F8D83EEA2852711BCC:/VoiceItDemo : *** Reply for [/VoiceItDemo/Greeting] ***
15/11/2018 06:11:41:999 DEBUG - 8A906DCE80C6C8F8D83EEA2852711BCC:/VoiceItDemo : 0:<?xml version="1.0" encoding="UTF-8"?> 
1:<vxml version="2.1" xmlns="http://www.w3.org/2001/vxml" xml:lang="en-us"> 
2:<meta name="author" content="Avaya Aura Orchestration Designer"/> 
3:<meta name="runtime-version" content="07.00.18.01"/> 
4:<meta name="runtimecommon-version" content="07.00.18.01"/> 
5:<meta name="copyright" content="Copyright (c) 2002-2011, Avaya"/> 
6:<form id="Greeting"> 
7:<block> 
8:<prompt bargein="true" bargeintype="speech" timeout="8000ms"> 
9:<audio src="http://localhost:8080/VoiceItDemo/data/english/phrases/main-0000.wav">Hello and welcome to the VoiceIt demonstration program for Avaya Orchestration Designer.</audio> 
10:</prompt> 
11:</block> 
12:<block> 
13:<submit next="CheckNewCaller?___DDSESSIONID=8A906DCE80C6C8F8D83EEA2852711BCC%3A%2FVoiceItDemo"/> 
14:</block> 
15:</form> 
16:</vxml> 
17:

15/11/2018 06:11:42:037  INFO - 8A906DCE80C6C8F8D83EEA2852711BCC:/VoiceItDemo : Using SCESession 8A906DCE80C6C8F8D83EEA2852711BCC:/VoiceItDemo servlet : CheckNewCaller
15/11/2018 06:11:42:105 DEBUG - 8A906DCE80C6C8F8D83EEA2852711BCC:/VoiceItDemo : session id:sess1759257 | VoiceItDemo:CheckNewCaller |  | userId : null
15/11/2018 06:11:42:110  INFO - 8A906DCE80C6C8F8D83EEA2852711BCC:/VoiceItDemo : [condition1] Expression [userId] Not Empty [null]
15/11/2018 06:11:42:111  INFO - 8A906DCE80C6C8F8D83EEA2852711BCC:/VoiceItDemo : Using SCESession 8A906DCE80C6C8F8D83EEA2852711BCC:/VoiceItDemo servlet : CreateUser
15/11/2018 06:11:42:168  INFO - 8A906DCE80C6C8F8D83EEA2852711BCC:/VoiceItDemo : Using SCESession 8A906DCE80C6C8F8D83EEA2852711BCC:/VoiceItDemo servlet : createuser-Begin
15/11/2018 06:11:42:236  INFO - 8A906DCE80C6C8F8D83EEA2852711BCC:/VoiceItDemo : Using SCESession 8A906DCE80C6C8F8D83EEA2852711BCC:/VoiceItDemo servlet : createuser-Greeting
15/11/2018 06:11:42:297 DEBUG - 8A906DCE80C6C8F8D83EEA2852711BCC:/VoiceItDemo : *** Reply for [/VoiceItDemo/createuser-Greeting] ***
15/11/2018 06:11:42:297 DEBUG - 8A906DCE80C6C8F8D83EEA2852711BCC:/VoiceItDemo : 0:<?xml version="1.0" encoding="UTF-8"?> 
1:<vxml version="2.1" xmlns="http://www.w3.org/2001/vxml" xml:lang="en-us"> 
2:<meta name="author" content="Avaya Aura Orchestration Designer"/> 
3:<meta name="runtime-version" content="07.00.18.01"/> 
4:<meta name="runtimecommon-version" content="07.00.18.01"/> 
5:<meta name="copyright" content="Copyright (c) 2002-2011, Avaya"/> 
6:<form id="Greeting"> 
7:<block> 
8:<prompt bargein="false" timeout="8000ms"> 
9:<audio src="http://localhost:8080/VoiceItDemo/data/english/phrases/createuser-0000.wav">It appears this is the first time you&apos;re calling. Let&apos;s create a VoiceIt profile for you and begin the enrollment process.</audio> 
10:</prompt> 
11:</block> 
12:<block> 
13:<submit next="createuser-VoiceItAPI?___DDSESSIONID=8A906DCE80C6C8F8D83EEA2852711BCC%3A%2FVoiceItDemo"/> 
14:</block> 
15:</form> 
16:</vxml> 
17:

15/11/2018 06:11:42:331  INFO - 8A906DCE80C6C8F8D83EEA2852711BCC:/VoiceItDemo : Using SCESession 8A906DCE80C6C8F8D83EEA2852711BCC:/VoiceItDemo servlet : createuser-VoiceItAPI
15/11/2018 06:11:42:398  INFO - 8A906DCE80C6C8F8D83EEA2852711BCC:/VoiceItDemo : Executing IPluggableExecutable com.voiceit_tech.od.plugins.api2.user.create : VoiceIT™ 2.0 Create User
15/11/2018 06:11:42:404 DEBUG - 8A906DCE80C6C8F8D83EEA2852711BCC:/VoiceItDemo : Collecting [SET TO KNOWN VOICEIT API KEY] as [api key]
15/11/2018 06:11:42:404 DEBUG - 8A906DCE80C6C8F8D83EEA2852711BCC:/VoiceItDemo : Collecting [SET TO KNOWN VOICEIT API TOKEN] as [api token]
15/11/2018 06:11:42:655 DEBUG - 8A906DCE80C6C8F8D83EEA2852711BCC:/VoiceItDemo : Submitting VoiceIT™ createUser A.P.I.
15/11/2018 06:11:43:958 DEBUG - 8A906DCE80C6C8F8D83EEA2852711BCC:/VoiceItDemo : Received result: [{"message":"Unauthorized access, please ensure you have the right API key and access token","responseCode":"UNAC","status":401}]
15/11/2018 06:11:43:974 DEBUG - 8A906DCE80C6C8F8D83EEA2852711BCC:/VoiceItDemo : Storing [false] to [CreateUserResult:API_Error]
15/11/2018 06:11:43:974 DEBUG - 8A906DCE80C6C8F8D83EEA2852711BCC:/VoiceItDemo : Storing [false] to [CreateUserResult:IsSuccess]
15/11/2018 06:11:43:974 DEBUG - 8A906DCE80C6C8F8D83EEA2852711BCC:/VoiceItDemo : Storing [UNAC] to [CreateUserResult:responseCode]
15/11/2018 06:11:43:975 DEBUG - 8A906DCE80C6C8F8D83EEA2852711BCC:/VoiceItDemo : Storing [Unauthorized access, please ensure you have the right API key and access token] to [CreateUserResult:message]
15/11/2018 06:11:43:975 DEBUG - 8A906DCE80C6C8F8D83EEA2852711BCC:/VoiceItDemo : Storing [401] to [CreateUserResult:status]
15/11/2018 06:11:43:975 DEBUG - 8A906DCE80C6C8F8D83EEA2852711BCC:/VoiceItDemo : Storing [] to [CreateUserResult:createdAt]
15/11/2018 06:11:43:975 DEBUG - 8A906DCE80C6C8F8D83EEA2852711BCC:/VoiceItDemo : Storing [] to [CreateUserResult:userId]
15/11/2018 06:11:43:976 DEBUG - 8A906DCE80C6C8F8D83EEA2852711BCC:/VoiceItDemo : Storing [] to [CreateUserResult:timeTaken]
15/11/2018 06:11:43:976  INFO - 8A906DCE80C6C8F8D83EEA2852711BCC:/VoiceItDemo : Completed IPluggableExecutable com.voiceit_tech.od.plugins.api2.user.create
15/11/2018 06:11:43:977 DEBUG - 8A906DCE80C6C8F8D83EEA2852711BCC:/VoiceItDemo : session id:sess1759257 | VoiceItDemo:createuser-VoiceItAPI |  | CreateUserResult : false::false:Unauthorized access, please ensure you have the right API key and access token:UNAC:401::
15/11/2018 06:11:43:977  INFO - 8A906DCE80C6C8F8D83EEA2852711BCC:/VoiceItDemo : [condition1] Expression [CreateUserResult:API_Error] Is True
15/11/2018 06:11:43:977  INFO - 8A906DCE80C6C8F8D83EEA2852711BCC:/VoiceItDemo : [condition2] Expression [fail(L)] Is False
15/11/2018 06:11:43:977  INFO - 8A906DCE80C6C8F8D83EEA2852711BCC:/VoiceItDemo : [condition3] Expression [CreateUserResult:IsSuccess] Is True
15/11/2018 06:11:43:980  INFO - 8A906DCE80C6C8F8D83EEA2852711BCC:/VoiceItDemo : Using SCESession 8A906DCE80C6C8F8D83EEA2852711BCC:/VoiceItDemo servlet : createuser-InformFailure
15/11/2018 06:11:44:041 DEBUG - 8A906DCE80C6C8F8D83EEA2852711BCC:/VoiceItDemo : *** Reply for [/VoiceItDemo/createuser-InformFailure] ***
15/11/2018 06:11:44:041 DEBUG - 8A906DCE80C6C8F8D83EEA2852711BCC:/VoiceItDemo : 0:<?xml version="1.0" encoding="UTF-8"?> 
1:<vxml version="2.1" xmlns="http://www.w3.org/2001/vxml" xml:lang="en-us"> 
2:<meta name="author" content="Avaya Aura Orchestration Designer"/> 
3:<meta name="runtime-version" content="07.00.18.01"/> 
4:<meta name="runtimecommon-version" content="07.00.18.01"/> 
5:<meta name="copyright" content="Copyright (c) 2002-2011, Avaya"/> 
6:<form id="InformFailure"> 
7:<block> 
8:<prompt bargein="true" bargeintype="speech" timeout="8000ms"> 
9:<audio src="http://localhost:8080/VoiceItDemo/data/english/phrases/createuser-0010.wav">We were unable to create a VoiceIt profile.</audio> 
10:</prompt> 
11:</block> 
12:<block> 
13:<submit next="createuser-Default?___DDSESSIONID=8A906DCE80C6C8F8D83EEA2852711BCC%3A%2FVoiceItDemo"/> 
14:</block> 
15:</form> 
16:</vxml> 
17:

15/11/2018 06:11:44:076  INFO - 8A906DCE80C6C8F8D83EEA2852711BCC:/VoiceItDemo : Using SCESession 8A906DCE80C6C8F8D83EEA2852711BCC:/VoiceItDemo servlet : createuser-Default
15/11/2018 06:11:44:141 DEBUG - 8A906DCE80C6C8F8D83EEA2852711BCC:/VoiceItDemo : Subflow return node "createuser-Default" forwarding to "CheckCreateSuccess"
15/11/2018 06:11:44:142  INFO - 8A906DCE80C6C8F8D83EEA2852711BCC:/VoiceItDemo : Using SCESession 8A906DCE80C6C8F8D83EEA2852711BCC:/VoiceItDemo servlet : CheckCreateSuccess
15/11/2018 06:11:44:194  INFO - 8A906DCE80C6C8F8D83EEA2852711BCC:/VoiceItDemo : [condition1] Expression [CreateUserResult:IsSuccess] Is True
15/11/2018 06:11:44:197  INFO - 8A906DCE80C6C8F8D83EEA2852711BCC:/VoiceItDemo : Using SCESession 8A906DCE80C6C8F8D83EEA2852711BCC:/VoiceItDemo servlet : InformTryAgain
15/11/2018 06:11:44:260 DEBUG - 8A906DCE80C6C8F8D83EEA2852711BCC:/VoiceItDemo : *** Reply for [/VoiceItDemo/InformTryAgain] ***
15/11/2018 06:11:44:260 DEBUG - 8A906DCE80C6C8F8D83EEA2852711BCC:/VoiceItDemo : 0:<?xml version="1.0" encoding="UTF-8"?> 
1:<vxml version="2.1" xmlns="http://www.w3.org/2001/vxml" xml:lang="en-us"> 
2:<meta name="author" content="Avaya Aura Orchestration Designer"/> 
3:<meta name="runtime-version" content="07.00.18.01"/> 
4:<meta name="runtimecommon-version" content="07.00.18.01"/> 
5:<meta name="copyright" content="Copyright (c) 2002-2011, Avaya"/> 
6:<form id="InformTryAgain"> 
7:<block> 
8:<prompt bargein="true" bargeintype="speech" timeout="8000ms"> 
9:<audio src="http://localhost:8080/VoiceItDemo/data/english/phrases/main-0010.wav">Please try again later.</audio> 
10:</prompt> 
11:</block> 
12:<block> 
13:<submit next="SayGoodbye?___DDSESSIONID=8A906DCE80C6C8F8D83EEA2852711BCC%3A%2FVoiceItDemo"/> 
14:</block> 
15:</form> 
16:</vxml> 
17:

15/11/2018 06:11:44:292  INFO - 8A906DCE80C6C8F8D83EEA2852711BCC:/VoiceItDemo : Using SCESession 8A906DCE80C6C8F8D83EEA2852711BCC:/VoiceItDemo servlet : SayGoodbye
15/11/2018 06:11:44:355 DEBUG - 8A906DCE80C6C8F8D83EEA2852711BCC:/VoiceItDemo : *** Reply for [/VoiceItDemo/SayGoodbye] ***
15/11/2018 06:11:44:355 DEBUG - 8A906DCE80C6C8F8D83EEA2852711BCC:/VoiceItDemo : 0:<?xml version="1.0" encoding="UTF-8"?> 
1:<vxml version="2.1" xmlns="http://www.w3.org/2001/vxml" xml:lang="en-us"> 
2:<meta name="author" content="Avaya Aura Orchestration Designer"/> 
3:<meta name="runtime-version" content="07.00.18.01"/> 
4:<meta name="runtimecommon-version" content="07.00.18.01"/> 
5:<meta name="copyright" content="Copyright (c) 2002-2011, Avaya"/> 
6:<form id="SayGoodbye"> 
7:<block> 
8:<prompt bargein="true" bargeintype="speech" timeout="8000ms"> 
9:<audio src="http://localhost:8080/VoiceItDemo/data/english/phrases/main-0001.wav">Goodbye.</audio> 
10:</prompt> 
11:</block> 
12:<block> 
13:<submit next="EndOfApplication?___DDSESSIONID=8A906DCE80C6C8F8D83EEA2852711BCC%3A%2FVoiceItDemo"/> 
14:</block> 
15:</form> 
16:</vxml> 
17:

15/11/2018 06:11:44:398  INFO - 8A906DCE80C6C8F8D83EEA2852711BCC:/VoiceItDemo : Using SCESession 8A906DCE80C6C8F8D83EEA2852711BCC:/VoiceItDemo servlet : EndOfApplication
15/11/2018 06:11:44:466 DEBUG - 8A906DCE80C6C8F8D83EEA2852711BCC:/VoiceItDemo : *** Reply for [/VoiceItDemo/EndOfApplication] ***
15/11/2018 06:11:44:467 DEBUG - 8A906DCE80C6C8F8D83EEA2852711BCC:/VoiceItDemo : 0:<?xml version="1.0" encoding="UTF-8"?> 
1:<vxml version="2.1" xmlns="http://www.w3.org/2001/vxml" xml:lang="en-us"> 
2:<meta name="author" content="Avaya Aura Orchestration Designer"/> 
3:<meta name="runtime-version" content="07.00.18.01"/> 
4:<meta name="runtimecommon-version" content="07.00.18.01"/> 
5:<meta name="copyright" content="Copyright (c) 2002-2011, Avaya"/> 
6:<var name="_avayaExitReason" expr="''"/> 
7:<var name="_avayaExitInfo1" expr="''"/> 
8:<var name="_avayaExitInfo2" expr="''"/> 
9:<var name="_avayaExitCustomerId" expr="''"/> 
10:<var name="_avayaExitPreferredPath" expr="'1'"/> 
11:<var name="_avayaExitTopic" expr="''"/> 
12:<form id="EndOfApplication"> 
13:<block> 
14:<exit namelist="_avayaExitReason _avayaExitInfo1 _avayaExitInfo2 _avayaExitCustomerId _avayaExitPreferredPath _avayaExitTopic"/> 
15:</block> 
16:</form> 
17:</vxml> 
18:

15/11/2018 06:12:47:000  INFO - 8A906DCE80C6C8F8D83EEA2852711BCC:/VoiceItDemo : HTTP Session lost removing SCESession 8A906DCE80C6C8F8D83EEA2852711BCC
15/11/2018 06:12:47:001  INFO - 8A906DCE80C6C8F8D83EEA2852711BCC:/VoiceItDemo : SCESession Removed
15/11/2018 06:12:47:001 DEBUG - 8A906DCE80C6C8F8D83EEA2852711BCC:/VoiceItDemo : Removing 1 session stack frames.
15/11/2018 06:12:47:001  INFO - 8A906DCE80C6C8F8D83EEA2852711BCC:/VoiceItDemo : ** Popped Stack Frame [/VoiceItDemo]
15/11/2018 06:16:19:267  INFO - 1A5249532D5ABE5F03EA7EACC8D8464D:/VoiceItDemo : SCESession bound to HttpSession 1A5249532D5ABE5F03EA7EACC8D8464D
15/11/2018 06:16:19:272  INFO - 1A5249532D5ABE5F03EA7EACC8D8464D:/VoiceItDemo : Browser Version 2.1.4, terminationURL enabled : true
15/11/2018 06:16:19:275  INFO - 1A5249532D5ABE5F03EA7EACC8D8464D:/VoiceItDemo : Using SCESession 1A5249532D5ABE5F03EA7EACC8D8464D:/VoiceItDemo servlet : Start
15/11/2018 06:16:19:321  INFO - 1A5249532D5ABE5F03EA7EACC8D8464D:/VoiceItDemo : ** Pushed Stack Frame [/VoiceItDemo]
15/11/2018 06:16:19:334 DEBUG - 1A5249532D5ABE5F03EA7EACC8D8464D:/VoiceItDemo : Not able to save posted variable information [call_classification]
15/11/2018 06:16:19:335  INFO - 1A5249532D5ABE5F03EA7EACC8D8464D:/VoiceItDemo : Storing :session___sessionid to complex: session:sessionid  as [sess2609115]
15/11/2018 06:16:19:335  INFO - 1A5249532D5ABE5F03EA7EACC8D8464D:/VoiceItDemo : Storing :session___vpconverseondata to complex: session:vpconverseondata  as []
15/11/2018 06:16:19:988  INFO - 1A5249532D5ABE5F03EA7EACC8D8464D:/VoiceItDemo : runtime_platform : Desktop
15/11/2018 06:16:19:989  INFO - 1A5249532D5ABE5F03EA7EACC8D8464D:/VoiceItDemo : runtime_asr : Desktop Microsoft Speech SAPI
15/11/2018 06:16:19:998 DEBUG - 1A5249532D5ABE5F03EA7EACC8D8464D:/VoiceItDemo : Acquiring initial License
15/11/2018 06:16:19:999  INFO - 1A5249532D5ABE5F03EA7EACC8D8464D:/VoiceItDemo : Acquiring Desktop runtime license
15/11/2018 06:16:19:999  INFO - 1A5249532D5ABE5F03EA7EACC8D8464D:/VoiceItDemo : Runtime :true
15/11/2018 06:16:19:999  INFO - 1A5249532D5ABE5F03EA7EACC8D8464D:/VoiceItDemo : IC :true
15/11/2018 06:16:19:999  INFO - 1A5249532D5ABE5F03EA7EACC8D8464D:/VoiceItDemo : CTI :true
15/11/2018 06:16:20:136 DEBUG - 1A5249532D5ABE5F03EA7EACC8D8464D:/VoiceItDemo : Grace Period timer cleared
15/11/2018 06:16:20:138 DEBUG - 1A5249532D5ABE5F03EA7EACC8D8464D:/VoiceItDemo : License refresh timer started
15/11/2018 06:16:20:141  INFO - 1A5249532D5ABE5F03EA7EACC8D8464D:/VoiceItDemo : MessageType is speech
15/11/2018 06:16:20:143 DEBUG - 1A5249532D5ABE5F03EA7EACC8D8464D:/VoiceItDemo : *** Reply for [/VoiceItDemo/Start] ***
15/11/2018 06:16:20:145 DEBUG - 1A5249532D5ABE5F03EA7EACC8D8464D:/VoiceItDemo : 0:<?xml version="1.0" encoding="UTF-8"?> 
1:<vxml version="2.1" xmlns="http://www.w3.org/2001/vxml" xml:lang="en-us"> 
2:<meta name="author" content="Avaya Aura Orchestration Designer"/> 
3:<meta name="runtime-version" content="07.00.18.01"/> 
4:<meta name="runtimecommon-version" content="07.00.18.01"/> 
5:<meta name="copyright" content="Copyright (c) 2002-2011, Avaya"/> 
6:<script> 
7:function getnbest(  item, nbest ) { 
8:    var len = application.lastresult$.length; 
9:    var result = ""; 
10:     
11:    if ( len &gt; nbest) { 
12:        len = nbest; 
13:    } 
14:    for (var i = 0; i &lt; len; i++) { 
15:        if (i &gt; 0) { 
16:            result += " |"; 
17:        } 
18:        var temp  =  "application.lastresult$[" + i + "]." + item; 
19:        result += extractprops( "", eval(temp)); 
20:    } 
21:    return result; 
22:} 
23: 
24:function getnbestnmni(  item, nbest ) { 
25:    var len = application.lastresult$.length; 
26:    var result = ""; 
27:     
28:    if ( len &gt; nbest) { 
29:        len = nbest; 
30:    } 
31:    for (var i = 0; i &lt; len; i++) { 
32:        if (i &gt; 0) { 
33:            result += " |"; 
34:        } 
35:        result += item; 
36:    } 
37:    return result; 
38:} 
39: 
40:function extractprops ( parent, obj ) { 
41:    var prop, name, result = ""; 
42:    var count = 1; 
43:    if ( typeof ( obj ) == "object" ) { 
44:        for ( prop in obj ) { 
45:            name = parent + prop; 
46:            if ( typeof ( obj [ prop ] ) == "object" ) { 
47:                result += extractprops( name+".", obj [ prop ] ); 
48:            } else { 
49:                if (count == 1) { 
50:                    result = obj [ prop ]; 
51:                } else { 
52:                    result += " " + obj [ prop ]; 
53:                } 
54:            } 
55:            count = count + 1; 
56:        } 
57:    } else { 
58:        if (obj == undefined ) { 
59:            result +=  "undefined"; 
60:        } else { 
61:            result +=  obj; 
62:        } 
63:    } 
64:    return result; 
65:} 
66: 
67:function startswith ( value, startwith ) { 
68:    var index; 
69:    index = value.indexOf(startwith, 0); 
70:    if ( index == 0 ) { 
71:       return true; 
72:    } else { 
73:       return false; 
74:    } 
75:} 
76: 
77:function containsUndefined ( value ) { 
78:    var index; 
79:    index = value.indexOf('undefined', 0); 
80:    if ( index == -1 ) { 
81:       return false; 
82:    } else { 
83:       return true; 
84:    } 
85:} 
86: 
87:</script> 
88:<script> 
89:function objectToString(  obj ) { 
90:    try { 
91:    var result = ""; 
92:    result += getobjectprops( "", obj); 
93:    if (result.charAt(0) == '|' ) { 
94:        result = result.substring(1); 
95:    }  
96:    } catch (errMsg) { 
97:        return("undefined"); 
98:    } 
99:    return result; 
100:} 
101: 
102:function getobjectprops ( parent, obj ) { 
103:    var prop, name, result = ""; 
104:    if ( typeof ( obj ) == "object" ) {  
105:        for ( prop in obj ) {  
106:            name = parent + prop; 
107:            if ( typeof ( obj [ prop ] ) == "object" ) { 
108:                result += extractprops( name+".", obj [ prop ] ); 
109:            } else {  
110:                result +=   "|"  + obj [ prop ];  
111:            }  
112:        }  
113:    } else {  
114:        if (obj == undefined ) {  
115:           result +=  "undefined";  
116:        } else {  
117:           result +=  obj;  
118:        }  
119:    }  
120:    return result; 
121:} 
122:</script> 
123:<var name="_avayaExitReason" expr="''"/> 
124:<var name="_avayaExitInfo1" expr="''"/> 
125:<var name="_avayaExitInfo2" expr="''"/> 
126:<var name="_avayaExitCustomerId" expr="''"/> 
127:<var name="_avayaExitPreferredPath" expr="'1'"/> 
128:<var name="_avayaExitTopic" expr="''"/> 
129:<var name="_avayaNoinputCounter" expr="0"/> 
130:<var name="_avayaNomatchCounter" expr="0"/> 
131:<catch event="connection.disconnect"> 
132:<var name="avayadonotsave___noinputcount" expr="try {_avayaNoinputCounter} catch (errMsg) {'0'}"/> 
133:<var name="avayadonotsave___nomatchcount" expr="try {_avayaNomatchCounter} catch (errMsg) {'0'}"/> 
134:<submit next="EndOfApplication?___DDSESSIONID=1A5249532D5ABE5F03EA7EACC8D8464D%3A%2FVoiceItDemo" namelist="avayadonotsave___noinputcount avayadonotsave___nomatchcount" method="get"/> 
135:</catch> 
136:<meta name="marker" content="Avaya Aura Orchestration Designer Root End"/> 
137:<form id="Start"> 
138:<script> 
139:function getArray( arrayName, item ) { 
140:    try { 
141:        var len = eval( arrayName +'.length;'); 
142:        var result = ""; 
143:     
144:        for (var i = 0; i &lt; len; i++) { 
145:            if (i &gt; 0) { 
146:                result += " |"; 
147:            } 
148:            var temp  =  arrayName + "[" + i + "]." + item; 
149:            result += eval(temp); 
150:        } 
151:        return result; 
152:    } catch (errMsg) { 
153:            return('unknown'); 
154:    } 
155:} 
156:function getRedirect( item ) { 
157:    return(getArray('session.connection.redirect', item)); 
158:} 
159:function getShareduui( item ) { 
160:    return(getArray('session.avaya.uui.shared', item)); 
161:} 
162:function getScriptItem( item ) { 
163:    try { 
164:        var result = ""; 
165:        result += eval(item); 
166:        return result; 
167:    } catch (errMsg) { 
168:        return('unknown'); 
169:    } 
170:} 
171:function getSIPCallID() { 
172:    try { 
173:        var protocol = getScriptItem( 'session.connection.protocol.name' ); 
174:        if ( protocol == 'sip'  || protocol == 'SIP' ) { 
175:            var temp = getScriptItem( 'session.connection.protocol.sip.callid' ); 
176:            return(temp); 
177:        } else { 
178:            return('unknown'); 
179:        } 
180:    } catch (errMsg) { 
181:            return('unknown'); 
182:    } 
183:} 
184:</script> 
185:<var name="session___aai" expr="getScriptItem( 'session.connection.aai' )"/> 
186:<var name="session___ani" expr="getScriptItem( 'session.connection.remote.uri' )"/> 
187:<var name="session___dnis" expr="getScriptItem( 'session.connection.local.uri' )"/> 
188:<var name="session___protocolname" expr="getScriptItem( 'session.connection.protocol.name' )"/> 
189:<var name="session___protocolversion" expr="getScriptItem( 'session.connection.protocol.version' )"/> 
190:<var name="session___uui" expr="'unknown'"/> 
191:<var name="session___calltag" expr="'unknown'"/> 
192:<var name="session___channel" expr="getScriptItem( 'session.avaya.telephone.channel' )"/> 
193:<var name="session___vpcalledextension" expr="'unknown'"/> 
194:<var name="session___vpcoveragereason" expr="'unknown'"/> 
195:<var name="session___vpcoveragetype" expr="'unknown'"/> 
196:<var name="session___vprdnis" expr="'unknown'"/> 
197:<var name="redirectinfo___uri" expr="getRedirect('uri')"/> 
198:<var name="redirectinfo___presentationinfo" expr="getRedirect('pi')"/> 
199:<var name="redirectinfo___screeninginfo" expr="getRedirect('si')"/> 
200:<var name="redirectinfo___reason" expr="getRedirect('reason')"/> 
201:<var name="session___sharedmode" expr="getScriptItem( 'session.avaya.uui.mode' )"/> 
202:<var name="shareduui___id" expr="getShareduui('id')"/> 
203:<var name="shareduui___value" expr="getShareduui('value')"/> 
204:<var name="session___sessionlabel" expr="getScriptItem( 'session.avaya.ucid' )"/> 
205:<var name="_sipcallid" expr="getSIPCallID()"/> 
206:<var name="session___mediatype" expr="getScriptItem( 'session.connection.protocol.sip.media[1].type' )"/> 
207:<var name="session___videoenabled" expr="getScriptItem( 'session.connection.video.enabled' )"/> 
208:<var name="session___videocodec" expr="getScriptItem( 'session.connection.video.codec' )"/> 
209:<var name="session___videoformat" expr="getScriptItem( 'session.connection.video.format' )"/> 
210:<var name="session___videowidth" expr="getScriptItem( 'session.connection.video.width' )"/> 
211:<var name="session___videoheight" expr="getScriptItem( 'session.connection.video.height' )"/> 
212:<var name="session___videofps" expr="getScriptItem( 'session.connection.video.fps' )"/> 
213:<var name="session___videobitrate" expr="getScriptItem( 'session.connection.video.bitrate' )"/> 
214:<var name="session___videonearfmtp" expr="getScriptItem( 'session.connection.video.nearfmtp' )"/> 
215:<var name="session___videofarfmtp" expr="getScriptItem( 'session.connection.video.farfmtp' )"/> 
216:<var name="session___ucid" expr="getScriptItem( 'session.avaya.ucid' )"/> 
217:<var name="session___conversefirst" expr="'unknown'"/> 
218:<var name="session___conversesecond" expr="'unknown'"/> 
219:<block> 
220:<submit next="UseridLookup?___DDSESSIONID=1A5249532D5ABE5F03EA7EACC8D8464D%3A%2FVoiceItDemo" namelist="session___aai session___ani session___dnis session___protocolname session___protocolversion session___uui session___calltag session___channel session___vpcalledextension session___vpcoveragereason session___vpcoveragetype session___vprdnis redirectinfo___uri redirectinfo___presentationinfo redirectinfo___screeninginfo redirectinfo___reason session___sharedmode shareduui___id shareduui___value session___sessionlabel _sipcallid session___mediatype session___videoenabled session___videocodec session___videoformat session___videowidth session___videoheight session___videofps session___videobitrate session___videonearfmtp session___videofarfmtp session___ucid session___conversefirst session___conversesecond" method="post"/> 
221:</block> 
222:</form> 
223:</vxml> 
224:

15/11/2018 06:16:20:155  INFO - 1A5249532D5ABE5F03EA7EACC8D8464D:/VoiceItDemo : Using SCESession 1A5249532D5ABE5F03EA7EACC8D8464D:/VoiceItDemo servlet : UseridLookup
15/11/2018 06:16:20:155  INFO - 1A5249532D5ABE5F03EA7EACC8D8464D:/VoiceItDemo : Storing :_sipcallid to simple: _sipcallid  as [unknown]
15/11/2018 06:16:20:155  INFO - 1A5249532D5ABE5F03EA7EACC8D8464D:/VoiceItDemo : Storing :redirectinfo___presentationinfo to complex: redirectinfo:presentationinfo  as [undefined]
15/11/2018 06:16:20:156  INFO - 1A5249532D5ABE5F03EA7EACC8D8464D:/VoiceItDemo : Storing :redirectinfo___reason to complex: redirectinfo:reason  as [unknown]
15/11/2018 06:16:20:156  INFO - 1A5249532D5ABE5F03EA7EACC8D8464D:/VoiceItDemo : Storing :redirectinfo___screeninginfo to complex: redirectinfo:screeninginfo  as [undefined]
15/11/2018 06:16:20:156  INFO - 1A5249532D5ABE5F03EA7EACC8D8464D:/VoiceItDemo : Storing :redirectinfo___uri to complex: redirectinfo:uri  as []
15/11/2018 06:16:20:156  INFO - 1A5249532D5ABE5F03EA7EACC8D8464D:/VoiceItDemo : Storing :session___aai to complex: session:aai  as []
15/11/2018 06:16:20:156  INFO - 1A5249532D5ABE5F03EA7EACC8D8464D:/VoiceItDemo : Storing :session___ani to complex: session:ani  as [520-732-1725]
15/11/2018 06:16:20:157  INFO - 1A5249532D5ABE5F03EA7EACC8D8464D:/VoiceItDemo : Storing :session___calltag to complex: session:calltag  as [unknown]
15/11/2018 06:16:20:157  INFO - 1A5249532D5ABE5F03EA7EACC8D8464D:/VoiceItDemo : Storing :session___channel to complex: session:channel  as [0]
15/11/2018 06:16:20:157  INFO - 1A5249532D5ABE5F03EA7EACC8D8464D:/VoiceItDemo : Storing :session___conversefirst to complex: session:conversefirst  as [unknown]
15/11/2018 06:16:20:157  INFO - 1A5249532D5ABE5F03EA7EACC8D8464D:/VoiceItDemo : Storing :session___conversesecond to complex: session:conversesecond  as [unknown]
15/11/2018 06:16:20:157  INFO - 1A5249532D5ABE5F03EA7EACC8D8464D:/VoiceItDemo : Storing :session___dnis to complex: session:dnis  as [undefined]
15/11/2018 06:16:20:157  INFO - 1A5249532D5ABE5F03EA7EACC8D8464D:/VoiceItDemo : Storing :session___mediatype to complex: session:mediatype  as [unknown]
15/11/2018 06:16:20:157  INFO - 1A5249532D5ABE5F03EA7EACC8D8464D:/VoiceItDemo : Storing :session___protocolname to complex: session:protocolname  as [pots]
15/11/2018 06:16:20:158  INFO - 1A5249532D5ABE5F03EA7EACC8D8464D:/VoiceItDemo : Storing :session___protocolversion to complex: session:protocolversion  as [1]
15/11/2018 06:16:20:158  INFO - 1A5249532D5ABE5F03EA7EACC8D8464D:/VoiceItDemo : Storing :session___sessionlabel to complex: session:sessionlabel  as [undefined]
15/11/2018 06:16:20:158  INFO - 1A5249532D5ABE5F03EA7EACC8D8464D:/VoiceItDemo : Storing :session___sharedmode to complex: session:sharedmode  as [shared]
15/11/2018 06:16:20:158  INFO - 1A5249532D5ABE5F03EA7EACC8D8464D:/VoiceItDemo : Storing :session___ucid to complex: session:ucid  as [undefined]
15/11/2018 06:16:20:159  INFO - 1A5249532D5ABE5F03EA7EACC8D8464D:/VoiceItDemo : Storing :session___uui to complex: session:uui  as [unknown]
15/11/2018 06:16:20:159  INFO - 1A5249532D5ABE5F03EA7EACC8D8464D:/VoiceItDemo : Storing :session___videobitrate to complex: session:videobitrate  as [unknown]
15/11/2018 06:16:20:159  INFO - 1A5249532D5ABE5F03EA7EACC8D8464D:/VoiceItDemo : Storing :session___videocodec to complex: session:videocodec  as [unknown]
15/11/2018 06:16:20:159  INFO - 1A5249532D5ABE5F03EA7EACC8D8464D:/VoiceItDemo : Storing :session___videoenabled to complex: session:videoenabled  as [unknown]
15/11/2018 06:16:20:160  INFO - 1A5249532D5ABE5F03EA7EACC8D8464D:/VoiceItDemo : Storing :session___videofarfmtp to complex: session:videofarfmtp  as [unknown]
15/11/2018 06:16:20:160  INFO - 1A5249532D5ABE5F03EA7EACC8D8464D:/VoiceItDemo : Storing :session___videoformat to complex: session:videoformat  as [unknown]
15/11/2018 06:16:20:160  INFO - 1A5249532D5ABE5F03EA7EACC8D8464D:/VoiceItDemo : Storing :session___videofps to complex: session:videofps  as [unknown]
15/11/2018 06:16:20:160  INFO - 1A5249532D5ABE5F03EA7EACC8D8464D:/VoiceItDemo : Storing :session___videoheight to complex: session:videoheight  as [unknown]
15/11/2018 06:16:20:160  INFO - 1A5249532D5ABE5F03EA7EACC8D8464D:/VoiceItDemo : Storing :session___videonearfmtp to complex: session:videonearfmtp  as [unknown]
15/11/2018 06:16:20:160  INFO - 1A5249532D5ABE5F03EA7EACC8D8464D:/VoiceItDemo : Storing :session___videowidth to complex: session:videowidth  as [unknown]
15/11/2018 06:16:20:160  INFO - 1A5249532D5ABE5F03EA7EACC8D8464D:/VoiceItDemo : Storing :session___vpcalledextension to complex: session:vpcalledextension  as [unknown]
15/11/2018 06:16:20:161  INFO - 1A5249532D5ABE5F03EA7EACC8D8464D:/VoiceItDemo : Storing :session___vpcoveragereason to complex: session:vpcoveragereason  as [unknown]
15/11/2018 06:16:20:161  INFO - 1A5249532D5ABE5F03EA7EACC8D8464D:/VoiceItDemo : Storing :session___vpcoveragetype to complex: session:vpcoveragetype  as [unknown]
15/11/2018 06:16:20:161  INFO - 1A5249532D5ABE5F03EA7EACC8D8464D:/VoiceItDemo : Storing :session___vprdnis to complex: session:vprdnis  as [unknown]
15/11/2018 06:16:20:162  INFO - 1A5249532D5ABE5F03EA7EACC8D8464D:/VoiceItDemo : Storing :shareduui___id to complex: shareduui:id  as [unknown]
15/11/2018 06:16:20:162  INFO - 1A5249532D5ABE5F03EA7EACC8D8464D:/VoiceItDemo : Storing :shareduui___value to complex: shareduui:value  as [unknown]
15/11/2018 06:16:20:225 DEBUG - 1A5249532D5ABE5F03EA7EACC8D8464D:/VoiceItDemo : Collected [profilemap.properties] from parameter [tech.topcat.voiceit_tech.demo.PROPERTY_FILE]
15/11/2018 06:16:20:232 DEBUG - 1A5249532D5ABE5F03EA7EACC8D8464D:/VoiceItDemo : Collected [520-732-1725] from [session:ani]
15/11/2018 06:16:20:232 DEBUG - 1A5249532D5ABE5F03EA7EACC8D8464D:/VoiceItDemo : Storing [] to [userId]
15/11/2018 06:16:20:241  INFO - 1A5249532D5ABE5F03EA7EACC8D8464D:/VoiceItDemo : Using SCESession 1A5249532D5ABE5F03EA7EACC8D8464D:/VoiceItDemo servlet : Greeting
15/11/2018 06:16:20:395 DEBUG - 1A5249532D5ABE5F03EA7EACC8D8464D:/VoiceItDemo : *** Reply for [/VoiceItDemo/Greeting] ***
15/11/2018 06:16:20:395 DEBUG - 1A5249532D5ABE5F03EA7EACC8D8464D:/VoiceItDemo : 0:<?xml version="1.0" encoding="UTF-8"?> 
1:<vxml version="2.1" xmlns="http://www.w3.org/2001/vxml" xml:lang="en-us"> 
2:<meta name="author" content="Avaya Aura Orchestration Designer"/> 
3:<meta name="runtime-version" content="07.00.18.01"/> 
4:<meta name="runtimecommon-version" content="07.00.18.01"/> 
5:<meta name="copyright" content="Copyright (c) 2002-2011, Avaya"/> 
6:<form id="Greeting"> 
7:<block> 
8:<prompt bargein="true" bargeintype="speech" timeout="8000ms"> 
9:<audio src="http://localhost:8080/VoiceItDemo/data/english/phrases/main-0000.wav">Hello and welcome to the VoiceIt demonstration program for Avaya Orchestration Designer.</audio> 
10:</prompt> 
11:</block> 
12:<block> 
13:<submit next="CheckNewCaller?___DDSESSIONID=1A5249532D5ABE5F03EA7EACC8D8464D%3A%2FVoiceItDemo"/> 
14:</block> 
15:</form> 
16:</vxml> 
17:

15/11/2018 06:16:20:445  INFO - 1A5249532D5ABE5F03EA7EACC8D8464D:/VoiceItDemo : Using SCESession 1A5249532D5ABE5F03EA7EACC8D8464D:/VoiceItDemo servlet : CheckNewCaller
15/11/2018 06:16:20:511 DEBUG - 1A5249532D5ABE5F03EA7EACC8D8464D:/VoiceItDemo : session id:sess2609115 | VoiceItDemo:CheckNewCaller |  | userId : null
15/11/2018 06:16:20:513  INFO - 1A5249532D5ABE5F03EA7EACC8D8464D:/VoiceItDemo : [condition1] Expression [userId] Not Empty [null]
15/11/2018 06:16:20:516  INFO - 1A5249532D5ABE5F03EA7EACC8D8464D:/VoiceItDemo : Using SCESession 1A5249532D5ABE5F03EA7EACC8D8464D:/VoiceItDemo servlet : CreateUser
15/11/2018 06:16:20:575  INFO - 1A5249532D5ABE5F03EA7EACC8D8464D:/VoiceItDemo : Using SCESession 1A5249532D5ABE5F03EA7EACC8D8464D:/VoiceItDemo servlet : createuser-Begin
15/11/2018 06:16:20:640  INFO - 1A5249532D5ABE5F03EA7EACC8D8464D:/VoiceItDemo : Using SCESession 1A5249532D5ABE5F03EA7EACC8D8464D:/VoiceItDemo servlet : createuser-Greeting
15/11/2018 06:16:20:713 DEBUG - 1A5249532D5ABE5F03EA7EACC8D8464D:/VoiceItDemo : *** Reply for [/VoiceItDemo/createuser-Greeting] ***
15/11/2018 06:16:20:713 DEBUG - 1A5249532D5ABE5F03EA7EACC8D8464D:/VoiceItDemo : 0:<?xml version="1.0" encoding="UTF-8"?> 
1:<vxml version="2.1" xmlns="http://www.w3.org/2001/vxml" xml:lang="en-us"> 
2:<meta name="author" content="Avaya Aura Orchestration Designer"/> 
3:<meta name="runtime-version" content="07.00.18.01"/> 
4:<meta name="runtimecommon-version" content="07.00.18.01"/> 
5:<meta name="copyright" content="Copyright (c) 2002-2011, Avaya"/> 
6:<form id="Greeting"> 
7:<block> 
8:<prompt bargein="false" timeout="8000ms"> 
9:<audio src="http://localhost:8080/VoiceItDemo/data/english/phrases/createuser-0000.wav">It appears this is the first time you&apos;re calling. Let&apos;s create a VoiceIt profile for you and begin the enrollment process.</audio> 
10:</prompt> 
11:</block> 
12:<block> 
13:<submit next="createuser-VoiceItAPI?___DDSESSIONID=1A5249532D5ABE5F03EA7EACC8D8464D%3A%2FVoiceItDemo"/> 
14:</block> 
15:</form> 
16:</vxml> 
17:

15/11/2018 06:16:20:742  INFO - 1A5249532D5ABE5F03EA7EACC8D8464D:/VoiceItDemo : Using SCESession 1A5249532D5ABE5F03EA7EACC8D8464D:/VoiceItDemo servlet : createuser-VoiceItAPI
15/11/2018 06:16:20:819  INFO - 1A5249532D5ABE5F03EA7EACC8D8464D:/VoiceItDemo : Executing IPluggableExecutable com.voiceit_tech.od.plugins.api2.user.create : VoiceIT™ 2.0 Create User
15/11/2018 06:16:20:824 DEBUG - 1A5249532D5ABE5F03EA7EACC8D8464D:/VoiceItDemo : Collecting [SET TO KNOWN VOICEIT API KEY] as [api key]
15/11/2018 06:16:20:824 DEBUG - 1A5249532D5ABE5F03EA7EACC8D8464D:/VoiceItDemo : Collecting [SET TO KNOWN VOICEIT API TOKEN] as [api token]
15/11/2018 06:16:21:234 DEBUG - 1A5249532D5ABE5F03EA7EACC8D8464D:/VoiceItDemo : Submitting VoiceIT™ createUser A.P.I.
15/11/2018 06:16:22:401 DEBUG - 1A5249532D5ABE5F03EA7EACC8D8464D:/VoiceItDemo : Received result: [{"message":"Unauthorized access, please ensure you have the right API key and access token","responseCode":"UNAC","status":401}]
15/11/2018 06:16:22:407 DEBUG - 1A5249532D5ABE5F03EA7EACC8D8464D:/VoiceItDemo : Storing [false] to [CreateUserResult:API_Error]
15/11/2018 06:16:22:423 DEBUG - 1A5249532D5ABE5F03EA7EACC8D8464D:/VoiceItDemo : Storing [false] to [CreateUserResult:IsSuccess]
15/11/2018 06:16:22:423 DEBUG - 1A5249532D5ABE5F03EA7EACC8D8464D:/VoiceItDemo : Storing [UNAC] to [CreateUserResult:responseCode]
15/11/2018 06:16:22:424 DEBUG - 1A5249532D5ABE5F03EA7EACC8D8464D:/VoiceItDemo : Storing [Unauthorized access, please ensure you have the right API key and access token] to [CreateUserResult:message]
15/11/2018 06:16:22:424 DEBUG - 1A5249532D5ABE5F03EA7EACC8D8464D:/VoiceItDemo : Storing [401] to [CreateUserResult:status]
15/11/2018 06:16:22:424 DEBUG - 1A5249532D5ABE5F03EA7EACC8D8464D:/VoiceItDemo : Storing [] to [CreateUserResult:createdAt]
15/11/2018 06:16:22:425 DEBUG - 1A5249532D5ABE5F03EA7EACC8D8464D:/VoiceItDemo : Storing [] to [CreateUserResult:userId]
15/11/2018 06:16:22:425 DEBUG - 1A5249532D5ABE5F03EA7EACC8D8464D:/VoiceItDemo : Storing [] to [CreateUserResult:timeTaken]
15/11/2018 06:16:22:425  INFO - 1A5249532D5ABE5F03EA7EACC8D8464D:/VoiceItDemo : Completed IPluggableExecutable com.voiceit_tech.od.plugins.api2.user.create
15/11/2018 06:16:22:426 DEBUG - 1A5249532D5ABE5F03EA7EACC8D8464D:/VoiceItDemo : session id:sess2609115 | VoiceItDemo:createuser-VoiceItAPI |  | CreateUserResult : false::false:Unauthorized access, please ensure you have the right API key and access token:UNAC:401::
15/11/2018 06:16:22:426  INFO - 1A5249532D5ABE5F03EA7EACC8D8464D:/VoiceItDemo : [condition1] Expression [CreateUserResult:API_Error] Is True
15/11/2018 06:16:22:426  INFO - 1A5249532D5ABE5F03EA7EACC8D8464D:/VoiceItDemo : [condition2] Expression [fail(L)] Is False
15/11/2018 06:16:22:426  INFO - 1A5249532D5ABE5F03EA7EACC8D8464D:/VoiceItDemo : [condition3] Expression [CreateUserResult:IsSuccess] Is True
15/11/2018 06:16:22:428  INFO - 1A5249532D5ABE5F03EA7EACC8D8464D:/VoiceItDemo : Using SCESession 1A5249532D5ABE5F03EA7EACC8D8464D:/VoiceItDemo servlet : createuser-InformFailure
15/11/2018 06:16:22:494 DEBUG - 1A5249532D5ABE5F03EA7EACC8D8464D:/VoiceItDemo : *** Reply for [/VoiceItDemo/createuser-InformFailure] ***
15/11/2018 06:16:22:494 DEBUG - 1A5249532D5ABE5F03EA7EACC8D8464D:/VoiceItDemo : 0:<?xml version="1.0" encoding="UTF-8"?> 
1:<vxml version="2.1" xmlns="http://www.w3.org/2001/vxml" xml:lang="en-us"> 
2:<meta name="author" content="Avaya Aura Orchestration Designer"/> 
3:<meta name="runtime-version" content="07.00.18.01"/> 
4:<meta name="runtimecommon-version" content="07.00.18.01"/> 
5:<meta name="copyright" content="Copyright (c) 2002-2011, Avaya"/> 
6:<form id="InformFailure"> 
7:<block> 
8:<prompt bargein="true" bargeintype="speech" timeout="8000ms"> 
9:<audio src="http://localhost:8080/VoiceItDemo/data/english/phrases/createuser-0010.wav">We were unable to create a VoiceIt profile.</audio> 
10:</prompt> 
11:</block> 
12:<block> 
13:<submit next="createuser-Default?___DDSESSIONID=1A5249532D5ABE5F03EA7EACC8D8464D%3A%2FVoiceItDemo"/> 
14:</block> 
15:</form> 
16:</vxml> 
17:

15/11/2018 06:16:22:527  INFO - 1A5249532D5ABE5F03EA7EACC8D8464D:/VoiceItDemo : Using SCESession 1A5249532D5ABE5F03EA7EACC8D8464D:/VoiceItDemo servlet : createuser-Default
15/11/2018 06:16:22:591 DEBUG - 1A5249532D5ABE5F03EA7EACC8D8464D:/VoiceItDemo : Subflow return node "createuser-Default" forwarding to "CheckCreateSuccess"
15/11/2018 06:16:22:593  INFO - 1A5249532D5ABE5F03EA7EACC8D8464D:/VoiceItDemo : Using SCESession 1A5249532D5ABE5F03EA7EACC8D8464D:/VoiceItDemo servlet : CheckCreateSuccess
15/11/2018 06:16:22:655  INFO - 1A5249532D5ABE5F03EA7EACC8D8464D:/VoiceItDemo : [condition1] Expression [CreateUserResult:IsSuccess] Is True
15/11/2018 06:16:22:656  INFO - 1A5249532D5ABE5F03EA7EACC8D8464D:/VoiceItDemo : Using SCESession 1A5249532D5ABE5F03EA7EACC8D8464D:/VoiceItDemo servlet : InformTryAgain
15/11/2018 06:16:22:711 DEBUG - 1A5249532D5ABE5F03EA7EACC8D8464D:/VoiceItDemo : *** Reply for [/VoiceItDemo/InformTryAgain] ***
15/11/2018 06:16:22:712 DEBUG - 1A5249532D5ABE5F03EA7EACC8D8464D:/VoiceItDemo : 0:<?xml version="1.0" encoding="UTF-8"?> 
1:<vxml version="2.1" xmlns="http://www.w3.org/2001/vxml" xml:lang="en-us"> 
2:<meta name="author" content="Avaya Aura Orchestration Designer"/> 
3:<meta name="runtime-version" content="07.00.18.01"/> 
4:<meta name="runtimecommon-version" content="07.00.18.01"/> 
5:<meta name="copyright" content="Copyright (c) 2002-2011, Avaya"/> 
6:<form id="InformTryAgain"> 
7:<block> 
8:<prompt bargein="true" bargeintype="speech" timeout="8000ms"> 
9:<audio src="http://localhost:8080/VoiceItDemo/data/english/phrases/main-0010.wav">Please try again later.</audio> 
10:</prompt> 
11:</block> 
12:<block> 
13:<submit next="SayGoodbye?___DDSESSIONID=1A5249532D5ABE5F03EA7EACC8D8464D%3A%2FVoiceItDemo"/> 
14:</block> 
15:</form> 
16:</vxml> 
17:

15/11/2018 06:16:22:747  INFO - 1A5249532D5ABE5F03EA7EACC8D8464D:/VoiceItDemo : Using SCESession 1A5249532D5ABE5F03EA7EACC8D8464D:/VoiceItDemo servlet : SayGoodbye
15/11/2018 06:16:22:809 DEBUG - 1A5249532D5ABE5F03EA7EACC8D8464D:/VoiceItDemo : *** Reply for [/VoiceItDemo/SayGoodbye] ***
15/11/2018 06:16:22:809 DEBUG - 1A5249532D5ABE5F03EA7EACC8D8464D:/VoiceItDemo : 0:<?xml version="1.0" encoding="UTF-8"?> 
1:<vxml version="2.1" xmlns="http://www.w3.org/2001/vxml" xml:lang="en-us"> 
2:<meta name="author" content="Avaya Aura Orchestration Designer"/> 
3:<meta name="runtime-version" content="07.00.18.01"/> 
4:<meta name="runtimecommon-version" content="07.00.18.01"/> 
5:<meta name="copyright" content="Copyright (c) 2002-2011, Avaya"/> 
6:<form id="SayGoodbye"> 
7:<block> 
8:<prompt bargein="true" bargeintype="speech" timeout="8000ms"> 
9:<audio src="http://localhost:8080/VoiceItDemo/data/english/phrases/main-0001.wav">Goodbye.</audio> 
10:</prompt> 
11:</block> 
12:<block> 
13:<submit next="EndOfApplication?___DDSESSIONID=1A5249532D5ABE5F03EA7EACC8D8464D%3A%2FVoiceItDemo"/> 
14:</block> 
15:</form> 
16:</vxml> 
17:

15/11/2018 06:16:22:838  INFO - 1A5249532D5ABE5F03EA7EACC8D8464D:/VoiceItDemo : Using SCESession 1A5249532D5ABE5F03EA7EACC8D8464D:/VoiceItDemo servlet : EndOfApplication
15/11/2018 06:16:22:903 DEBUG - 1A5249532D5ABE5F03EA7EACC8D8464D:/VoiceItDemo : *** Reply for [/VoiceItDemo/EndOfApplication] ***
15/11/2018 06:16:22:904 DEBUG - 1A5249532D5ABE5F03EA7EACC8D8464D:/VoiceItDemo : 0:<?xml version="1.0" encoding="UTF-8"?> 
1:<vxml version="2.1" xmlns="http://www.w3.org/2001/vxml" xml:lang="en-us"> 
2:<meta name="author" content="Avaya Aura Orchestration Designer"/> 
3:<meta name="runtime-version" content="07.00.18.01"/> 
4:<meta name="runtimecommon-version" content="07.00.18.01"/> 
5:<meta name="copyright" content="Copyright (c) 2002-2011, Avaya"/> 
6:<var name="_avayaExitReason" expr="''"/> 
7:<var name="_avayaExitInfo1" expr="''"/> 
8:<var name="_avayaExitInfo2" expr="''"/> 
9:<var name="_avayaExitCustomerId" expr="''"/> 
10:<var name="_avayaExitPreferredPath" expr="'1'"/> 
11:<var name="_avayaExitTopic" expr="''"/> 
12:<form id="EndOfApplication"> 
13:<block> 
14:<exit namelist="_avayaExitReason _avayaExitInfo1 _avayaExitInfo2 _avayaExitCustomerId _avayaExitPreferredPath _avayaExitTopic"/> 
15:</block> 
16:</form> 
17:</vxml> 
18:

15/11/2018 06:17:32:214  INFO - 1A5249532D5ABE5F03EA7EACC8D8464D:/VoiceItDemo : HTTP Session lost removing SCESession 1A5249532D5ABE5F03EA7EACC8D8464D
15/11/2018 06:17:32:218  INFO - 1A5249532D5ABE5F03EA7EACC8D8464D:/VoiceItDemo : SCESession Removed
15/11/2018 06:17:32:219 DEBUG - 1A5249532D5ABE5F03EA7EACC8D8464D:/VoiceItDemo : Removing 1 session stack frames.
15/11/2018 06:17:32:219  INFO - 1A5249532D5ABE5F03EA7EACC8D8464D:/VoiceItDemo : ** Popped Stack Frame [/VoiceItDemo]
